<?xml version="1.0" encoding="UTF-8"?>
<!-- Generated by org.testng.reporters.JUnitXMLReporter -->
<testsuite ignored="0" hostname="DESKTOP-PKNTG5U" failures="0" tests="5" name="Default test" time="15.732" errors="0" timestamp="2025-05-22T10:51:56 IST">
  <testcase classname="RestAssured.PostLogin" name="postExecution" time="4.364"/>
  <testcase classname="RestAssured.PostLogin" name="postExecutionWithDataProvider" time="2.913"/>
  <testcase classname="RestAssured.PostLogin" name="postExecutionWithDataProvider" time="2.139"/>
  <testcase classname="RestAssured.PostLogin" name="postExecutionWithDataProvider" time="2.54"/>
  <testcase classname="RestAssured.PostLogin" name="postExecutionWithDataProvider" time="1.64"/>
</testsuite> <!-- Default test -->
