<?xml version="1.0" encoding="UTF-8"?>
<!-- Generated by org.testng.reporters.JUnitXMLReporter -->
<testsuite ignored="0" hostname="DESKTOP-PKNTG5U" failures="0" tests="5" name="Test" time="12.959" errors="0" timestamp="2025-05-22T10:55:40 IST">
  <testcase classname="RestAssured.PostLogin" name="postExecution" time="3.764"/>
  <testcase classname="RestAssured.PostLogin" name="postExecutionWithDataProvider" time="1.668"/>
  <testcase classname="RestAssured.PostLogin" name="postExecutionWithDataProvider" time="1.775"/>
  <testcase classname="RestAssured.PostLogin" name="postExecutionWithDataProvider" time="1.627"/>
  <testcase classname="RestAssured.PostLogin" name="postExecutionWithDataProvider" time="1.731"/>
</testsuite> <!-- Test -->
