<?xml version="1.0" encoding="UTF-8"?>
<!-- Generated by org.testng.reporters.JUnitXMLReporter -->
<testsuite ignored="0" hostname="DESKTOP-PKNTG5U" failures="0" tests="5" name="Test" time="12.467" errors="0" timestamp="2025-05-22T11:17:55 IST">
  <testcase classname="RestAssured.PostLogin" name="postExecution" time="3.479"/>
  <testcase classname="RestAssured.PostLogin" name="postExecutionWithDataProvider" time="1.471"/>
  <testcase classname="RestAssured.PostLogin" name="postExecutionWithDataProvider" time="1.619"/>
  <testcase classname="RestAssured.PostLogin" name="postExecutionWithDataProvider" time="1.648"/>
  <testcase classname="RestAssured.PostLogin" name="postExecutionWithDataProvider" time="1.944"/>
</testsuite> <!-- Test -->
