<?xml version="1.0" encoding="UTF-8"?>
<testng-results ignored="0" total="5" passed="5" failed="0" skipped="0">
  <reporter-output>
  </reporter-output>
  <suite started-at="2025-05-22T10:55:27 IST" name="Suite" finished-at="2025-05-22T10:55:40 IST" duration-ms="12959">
    <groups>
    </groups>
    <test started-at="2025-05-22T10:55:27 IST" name="Test" finished-at="2025-05-22T10:55:40 IST" duration-ms="12959">
      <class name="RestAssured.PostLogin">
        <test-method is-config="true" signature="beforeMethod()[pri:0, instance:RestAssured.PostLogin@66982506]" started-at="2025-05-22T10:55:27 IST" name="beforeMethod" finished-at="2025-05-22T10:55:28 IST" duration-ms="572" status="PASS">
          <reporter-output>
          </reporter-output>
        </test-method> <!-- beforeMethod -->
        <test-method signature="postExecution()[pri:0, instance:RestAssured.PostLogin@66982506]" started-at="2025-05-22T10:55:28 IST" name="postExecution" finished-at="2025-05-22T10:55:31 IST" duration-ms="3764" status="PASS">
          <reporter-output>
          </reporter-output>
        </test-method> <!-- postExecution -->
        <test-method is-config="true" signature="beforeMethod()[pri:0, instance:RestAssured.PostLogin@66982506]" started-at="2025-05-22T10:55:33 IST" name="beforeMethod" finished-at="2025-05-22T10:55:33 IST" duration-ms="1" status="PASS">
          <reporter-output>
          </reporter-output>
        </test-method> <!-- beforeMethod -->
        <test-method signature="postExecutionWithDataProvider(int,int,java.lang.String,java.lang.String,java.lang.String,int,java.lang.String,java.lang.String)[pri:0, instance:RestAssured.PostLogin@66982506]" started-at="2025-05-22T10:55:33 IST" name="postExecutionWithDataProvider" data-provider="PostData" finished-at="2025-05-22T10:55:35 IST" duration-ms="1668" status="PASS">
          <params>
            <param index="0">
              <value>
                <![CDATA[1]]>
              </value>
            </param>
            <param index="1">
              <value>
                <![CDATA[123]]>
              </value>
            </param>
            <param index="2">
              <value>
                <![CDATA[String]]>
              </value>
            </param>
            <param index="3">
              <value>
                <![CDATA[doggie]]>
              </value>
            </param>
            <param index="4">
              <value>
                <![CDATA[String]]>
              </value>
            </param>
            <param index="5">
              <value>
                <![CDATA[234]]>
              </value>
            </param>
            <param index="6">
              <value>
                <![CDATA[String]]>
              </value>
            </param>
            <param index="7">
              <value>
                <![CDATA[available]]>
              </value>
            </param>
          </params>
          <reporter-output>
          </reporter-output>
        </test-method> <!-- postExecutionWithDataProvider -->
        <test-method is-config="true" signature="beforeMethod()[pri:0, instance:RestAssured.PostLogin@66982506]" started-at="2025-05-22T10:55:35 IST" name="beforeMethod" finished-at="2025-05-22T10:55:35 IST" duration-ms="2" status="PASS">
          <reporter-output>
          </reporter-output>
        </test-method> <!-- beforeMethod -->
        <test-method signature="postExecutionWithDataProvider(int,int,java.lang.String,java.lang.String,java.lang.String,int,java.lang.String,java.lang.String)[pri:0, instance:RestAssured.PostLogin@66982506]" started-at="2025-05-22T10:55:35 IST" name="postExecutionWithDataProvider" data-provider="PostData" finished-at="2025-05-22T10:55:37 IST" duration-ms="1775" status="PASS">
          <params>
            <param index="0">
              <value>
                <![CDATA[2]]>
              </value>
            </param>
            <param index="1">
              <value>
                <![CDATA[124]]>
              </value>
            </param>
            <param index="2">
              <value>
                <![CDATA[String]]>
              </value>
            </param>
            <param index="3">
              <value>
                <![CDATA[doggie]]>
              </value>
            </param>
            <param index="4">
              <value>
                <![CDATA[String]]>
              </value>
            </param>
            <param index="5">
              <value>
                <![CDATA[235]]>
              </value>
            </param>
            <param index="6">
              <value>
                <![CDATA[String]]>
              </value>
            </param>
            <param index="7">
              <value>
                <![CDATA[available]]>
              </value>
            </param>
          </params>
          <reporter-output>
          </reporter-output>
        </test-method> <!-- postExecutionWithDataProvider -->
        <test-method is-config="true" signature="beforeMethod()[pri:0, instance:RestAssured.PostLogin@66982506]" started-at="2025-05-22T10:55:37 IST" name="beforeMethod" finished-at="2025-05-22T10:55:37 IST" duration-ms="1" status="PASS">
          <reporter-output>
          </reporter-output>
        </test-method> <!-- beforeMethod -->
        <test-method signature="postExecutionWithDataProvider(int,int,java.lang.String,java.lang.String,java.lang.String,int,java.lang.String,java.lang.String)[pri:0, instance:RestAssured.PostLogin@66982506]" started-at="2025-05-22T10:55:37 IST" name="postExecutionWithDataProvider" data-provider="PostData" finished-at="2025-05-22T10:55:38 IST" duration-ms="1627" status="PASS">
          <params>
            <param index="0">
              <value>
                <![CDATA[3]]>
              </value>
            </param>
            <param index="1">
              <value>
                <![CDATA[125]]>
              </value>
            </param>
            <param index="2">
              <value>
                <![CDATA[String]]>
              </value>
            </param>
            <param index="3">
              <value>
                <![CDATA[doggie]]>
              </value>
            </param>
            <param index="4">
              <value>
                <![CDATA[String]]>
              </value>
            </param>
            <param index="5">
              <value>
                <![CDATA[236]]>
              </value>
            </param>
            <param index="6">
              <value>
                <![CDATA[String]]>
              </value>
            </param>
            <param index="7">
              <value>
                <![CDATA[available]]>
              </value>
            </param>
          </params>
          <reporter-output>
          </reporter-output>
        </test-method> <!-- postExecutionWithDataProvider -->
        <test-method is-config="true" signature="beforeMethod()[pri:0, instance:RestAssured.PostLogin@66982506]" started-at="2025-05-22T10:55:38 IST" name="beforeMethod" finished-at="2025-05-22T10:55:38 IST" duration-ms="0" status="PASS">
          <reporter-output>
          </reporter-output>
        </test-method> <!-- beforeMethod -->
        <test-method signature="postExecutionWithDataProvider(int,int,java.lang.String,java.lang.String,java.lang.String,int,java.lang.String,java.lang.String)[pri:0, instance:RestAssured.PostLogin@66982506]" started-at="2025-05-22T10:55:38 IST" name="postExecutionWithDataProvider" data-provider="PostData" finished-at="2025-05-22T10:55:40 IST" duration-ms="1731" status="PASS">
          <params>
            <param index="0">
              <value>
                <![CDATA[4]]>
              </value>
            </param>
            <param index="1">
              <value>
                <![CDATA[126]]>
              </value>
            </param>
            <param index="2">
              <value>
                <![CDATA[String]]>
              </value>
            </param>
            <param index="3">
              <value>
                <![CDATA[doggie]]>
              </value>
            </param>
            <param index="4">
              <value>
                <![CDATA[String]]>
              </value>
            </param>
            <param index="5">
              <value>
                <![CDATA[237]]>
              </value>
            </param>
            <param index="6">
              <value>
                <![CDATA[String]]>
              </value>
            </param>
            <param index="7">
              <value>
                <![CDATA[available]]>
              </value>
            </param>
          </params>
          <reporter-output>
          </reporter-output>
        </test-method> <!-- postExecutionWithDataProvider -->
      </class> <!-- RestAssured.PostLogin -->
    </test> <!-- Test -->
  </suite> <!-- Suite -->
</testng-results>
